[27-Nov-2012 00:53:15] 0::archive.inc:411: touch() [<a href='function.touch'>function.touch</a>]: Utime failed: Operation not permitted
[27-Nov-2012 00:56:21] 0::session.inc:369: include_once(./faillog.php) [<a href='function.include-once'>function.include-once</a>]: failed to open stream: No such file or directory
[27-Nov-2012 00:56:21] 0::session.inc:369: include_once() [<a href='function.include'>function.include</a>]: Failed opening './faillog.php' for inclusion (include_path='.:/usr/share/pear:/usr/share/php')
[27-Nov-2012 00:56:27] 0::session.inc:369: include_once(./faillog.php) [<a href='function.include-once'>function.include-once</a>]: failed to open stream: No such file or directory
[27-Nov-2012 00:56:27] 0::session.inc:369: include_once() [<a href='function.include'>function.include</a>]: Failed opening './faillog.php' for inclusion (include_path='.:/usr/share/pear:/usr/share/php')
[27-Nov-2012 01:14:25] 0:admin:ui_lists.inc:356: Invalid argument supplied for foreach()
[30-Nov-2012 08:57:00] 0:superadmin:ui_lists.inc:356: Invalid argument supplied for foreach()
[30-Nov-2012 08:57:01] 0:superadmin:ui_lists.inc:356: Invalid argument supplied for foreach()
[03-Des-2012 12:46:42] 0:admin:sales_credit_db.inc:21: Only variables should be passed by reference
[03-Dec-2012 12:49:38] 0:admin:sales_credit_db.inc:21: Only variables should be passed by reference
[03-Dec-2012 12:51:26] 0:admin:sales_credit_db.inc:21: Only variables should be passed by reference
[04-Dec-2012 09:20:24] 0:admin:sales_credit_db.inc:21: Only variables should be passed by reference
[04-Dec-2012 09:30:52] 0:admin:sales_credit_db.inc:21: Only variables should be passed by reference
[14-Des-2012 09:08:57] 0:admin:sales_credit_db.inc:21: Only variables should be passed by reference
[14-Des-2012 09:14:14] 0:admin:sales_credit_db.inc:21: Only variables should be passed by reference
[08-Jan-2013 11:32:18] 0:admin:connect_db.inc:89: mysql_fetch_array(): supplied argument is not a valid MySQL result resource
[08-Jan-2013 11:32:23] 0:admin:connect_db.inc:89: mysql_fetch_array(): supplied argument is not a valid MySQL result resource
[08-Jan-2013 11:38:21] 0:admin:connect_db.inc:89: mysql_fetch_array(): supplied argument is not a valid MySQL result resource
[08-Jan-2013 11:38:22] 0:admin:connect_db.inc:89: mysql_fetch_array(): supplied argument is not a valid MySQL result resource
[08-Jan-2013 11:38:28] 0:admin:connect_db.inc:89: mysql_fetch_array(): supplied argument is not a valid MySQL result resource
[08-Jan-2013 11:40:01] 0:admin:connect_db.inc:89: mysql_fetch_array(): supplied argument is not a valid MySQL result resource
[08-Jan-2013 11:40:16] 0:admin:connect_db.inc:89: mysql_fetch_array(): supplied argument is not a valid MySQL result resource
[08-Jan-2013 11:40:39] 0:admin:connect_db.inc:89: mysql_fetch_array(): supplied argument is not a valid MySQL result resource
[08-Jan-2013 11:40:45] 0:admin:connect_db.inc:89: mysql_fetch_array(): supplied argument is not a valid MySQL result resource
[08-Jan-2013 11:41:27] 0:admin:connect_db.inc:89: mysql_fetch_array(): supplied argument is not a valid MySQL result resource
[08-Jan-2013 11:41:27] 0:admin:connect_db.inc:89: mysql_fetch_array(): supplied argument is not a valid MySQL result resource
[08-Jan-2013 11:41:27] 0:admin:connect_db.inc:89: mysql_fetch_array(): supplied argument is not a valid MySQL result resource
[08-Jan-2013 11:41:27] 0:admin:connect_db.inc:89: mysql_fetch_array(): supplied argument is not a valid MySQL result resource
[08-Jan-2013 11:41:27] 0:admin:connect_db.inc:89: mysql_fetch_array(): supplied argument is not a valid MySQL result resource
[08-Jan-2013 11:41:34] 0:admin:connect_db.inc:89: mysql_fetch_array(): supplied argument is not a valid MySQL result resource
[08-Jan-2013 11:41:34] 0:admin:connect_db.inc:89: mysql_fetch_array(): supplied argument is not a valid MySQL result resource
[08-Jan-2013 11:41:34] 0:admin:connect_db.inc:89: mysql_fetch_array(): supplied argument is not a valid MySQL result resource
[08-Jan-2013 11:41:34] 0:admin:connect_db.inc:89: mysql_fetch_array(): supplied argument is not a valid MySQL result resource
[08-Jan-2013 11:41:57] 0:admin:connect_db.inc:89: mysql_fetch_array(): supplied argument is not a valid MySQL result resource
[08-Jan-2013 11:41:57] 0:admin:connect_db.inc:89: mysql_fetch_array(): supplied argument is not a valid MySQL result resource
[08-Jan-2013 11:41:57] 0:admin:connect_db.inc:89: mysql_fetch_array(): supplied argument is not a valid MySQL result resource
[08-Jan-2013 11:41:57] 0:admin:connect_db.inc:89: mysql_fetch_array(): supplied argument is not a valid MySQL result resource
[08-Jan-2013 11:42:38] 0:admin:connect_db.inc:89: mysql_fetch_array(): supplied argument is not a valid MySQL result resource
[08-Jan-2013 11:42:46] 0:admin:connect_db.inc:89: mysql_fetch_array(): supplied argument is not a valid MySQL result resource
[08-Jan-2013 11:57:17] 0:admin:connect_db.inc:89: mysql_fetch_array(): supplied argument is not a valid MySQL result resource
[10-Jan-2013 12:58:12] 0:admin:connect_db.inc:89: mysql_fetch_array(): supplied argument is not a valid MySQL result resource
[10-Jan-2013 13:03:04] 0:admin:connect_db.inc:89: mysql_fetch_array(): supplied argument is not a valid MySQL result resource
[20-Feb-2013 09:15:31] ::current_user.inc:615: opendir(../company//js_cache) [<a href='function.opendir'>function.opendir</a>]: failed to open dir: No such file or directory
[22-Peb-2013 07:22:21] 1:admin:ui_lists.inc:356: Invalid argument supplied for foreach()
[22-Peb-2013 07:23:12] 1:admin:ui_lists.inc:356: Invalid argument supplied for foreach()
[22-Peb-2013 07:24:09] 1:admin:ui_lists.inc:356: Invalid argument supplied for foreach()
[22-Peb-2013 07:27:18] 1:admin:items.php:78: Wrong parameter count for in_array()
[22-Peb-2013 07:27:18] 1:admin:items.php:78: Wrong parameter count for strtoupper()
[22-Peb-2013 08:15:23] 0:admin:connect_db.inc:27: mysql_connect() [<a href='function.mysql-connect'>function.mysql-connect</a>]: Access denied for user 'accounting'@'localhost' (using password: YES)
[22-Peb-2013 08:15:23] 0:admin:connect_db.inc:28: mysql_select_db(): supplied argument is not a valid MySQL-Link resource
[22-Peb-2013 08:15:44] 0:admin:connect_db.inc:27: mysql_connect() [<a href='function.mysql-connect'>function.mysql-connect</a>]: Access denied for user 'accounting'@'localhost' (using password: YES)
[22-Peb-2013 08:15:44] 0:admin:connect_db.inc:28: mysql_select_db(): supplied argument is not a valid MySQL-Link resource
[22-Peb-2013 08:15:44] 0:admin:connect_db.inc:27: mysql_connect() [<a href='function.mysql-connect'>function.mysql-connect</a>]: Access denied for user 'accounting'@'localhost' (using password: YES)
[22-Peb-2013 08:15:44] 0:admin:connect_db.inc:28: mysql_select_db(): supplied argument is not a valid MySQL-Link resource
[22-Peb-2013 08:15:58] 0::connect_db.inc:27: mysql_connect() [<a href='function.mysql-connect'>function.mysql-connect</a>]: Access denied for user 'accounting'@'localhost' (using password: YES)
[22-Peb-2013 08:15:58] 0::connect_db.inc:28: mysql_select_db(): supplied argument is not a valid MySQL-Link resource
[22-Peb-2013 08:15:58] 0::connect_db.inc:51: mysql_query(): supplied argument is not a valid MySQL-Link resource
[22-Peb-2013 08:15:58] 0::connect_db.inc:145: mysql_errno(): supplied argument is not a valid MySQL-Link resource
[22-Peb-2013 08:15:58] 0::connect_db.inc:105: mysql_num_rows(): supplied argument is not a valid MySQL result resource
[22-Peb-2013 08:16:06] 0::connect_db.inc:27: mysql_connect() [<a href='function.mysql-connect'>function.mysql-connect</a>]: Access denied for user 'accounting'@'localhost' (using password: YES)
[22-Peb-2013 08:16:06] 0::connect_db.inc:28: mysql_select_db(): supplied argument is not a valid MySQL-Link resource
[22-Peb-2013 08:16:06] 0::connect_db.inc:51: mysql_query(): supplied argument is not a valid MySQL-Link resource
[22-Peb-2013 08:16:06] 0::connect_db.inc:145: mysql_errno(): supplied argument is not a valid MySQL-Link resource
[22-Peb-2013 08:16:06] 0::connect_db.inc:105: mysql_num_rows(): supplied argument is not a valid MySQL result resource
[22-Peb-2013 09:40:04] 1:admin:ui_lists.inc:356: Invalid argument supplied for foreach()
[22-Peb-2013 09:41:03] 1:admin:ui_lists.inc:356: Invalid argument supplied for foreach()
[22-Peb-2013 09:50:04] 1:admin:ui_lists.inc:356: Invalid argument supplied for foreach()
[22-Peb-2013 09:50:17] 1:admin:ui_lists.inc:356: Invalid argument supplied for foreach()
[22-Peb-2013 09:50:20] 1:admin:ui_lists.inc:356: Invalid argument supplied for foreach()
[22-Peb-2013 09:50:34] 1:admin:ui_lists.inc:356: Invalid argument supplied for foreach()
[22-Peb-2013 09:51:32] 1:admin:ui_lists.inc:356: Invalid argument supplied for foreach()
[22-Peb-2013 09:51:34] 1:admin:ui_lists.inc:356: Invalid argument supplied for foreach()
[22-Peb-2013 09:51:42] 1:admin:ui_lists.inc:356: Invalid argument supplied for foreach()
[22-Peb-2013 09:51:45] 1:admin:ui_lists.inc:356: Invalid argument supplied for foreach()
[22-Peb-2013 09:51:54] 1:admin:ui_lists.inc:356: Invalid argument supplied for foreach()
[26-Peb-2013 01:12:15] 1:admin:connect_db.inc:89: mysql_fetch_array(): supplied argument is not a valid MySQL result resource
[26-Peb-2013 01:12:21] 1:admin:connect_db.inc:89: mysql_fetch_array(): supplied argument is not a valid MySQL result resource
[26-Peb-2013 04:11:05] 0:admin:ui_lists.inc:356: Invalid argument supplied for foreach()
[26-Peb-2013 04:11:55] 0:admin:ui_lists.inc:356: Invalid argument supplied for foreach()
[26-Peb-2013 04:11:58] 0:admin:ui_lists.inc:356: Invalid argument supplied for foreach()
[27-Feb-2013 04:57:29] 1:admin:ui_lists.inc:356: Invalid argument supplied for foreach()
[27-Feb-2013 04:57:39] 1:admin:ui_lists.inc:356: Invalid argument supplied for foreach()
[27-Feb-2013 04:57:43] 1:admin:ui_lists.inc:356: Invalid argument supplied for foreach()
[27-Feb-2013 04:57:49] 1:admin:ui_lists.inc:356: Invalid argument supplied for foreach()
[27-Peb-2013 09:15:02] 0:mytest:ui_lists.inc:356: Invalid argument supplied for foreach()
[27-Peb-2013 09:15:02] 0:mytest:ui_lists.inc:356: Invalid argument supplied for foreach()
[02-Mar-2013 12:56:12] 1:admin:sales_credit_db.inc:21: Only variables should be passed by reference
[11-Mar-2013 10:15:27] 1:admin:sales_credit_db.inc:21: Only variables should be passed by reference
[11-Mar-2013 10:19:30] 1:admin:sales_credit_db.inc:21: Only variables should be passed by reference
[08-Apr-2013 09:46:56] 1:admin:ui_input.inc:474: Missing argument 2 for label_row(), called in /home/accounting/html/accounting2/sales/includes/ui/sales_order_ui.inc on line 395 and defined
[08-Apr-2013 09:47:13] 1:admin:ui_input.inc:474: Missing argument 2 for label_row(), called in /home/accounting/html/accounting2/sales/includes/ui/sales_order_ui.inc on line 395 and defined
[08-Apr-2013 09:47:38] 1:admin:ui_input.inc:474: Missing argument 2 for label_row(), called in /home/accounting/html/accounting2/sales/includes/ui/sales_order_ui.inc on line 395 and defined
[08-Apr-2013 09:48:18] 1:admin:ui_input.inc:474: Missing argument 2 for label_row(), called in /home/accounting/html/accounting2/sales/includes/ui/sales_order_ui.inc on line 395 and defined
[08-Apr-2013 09:48:59] 1:admin:ui_input.inc:474: Missing argument 2 for label_row(), called in /home/accounting/html/accounting2/sales/includes/ui/sales_order_ui.inc on line 395 and defined
[08-Apr-2013 09:49:25] 1:admin:ui_input.inc:474: Missing argument 2 for label_row(), called in /home/accounting/html/accounting2/sales/includes/ui/sales_order_ui.inc on line 395 and defined
[08-Apr-2013 09:49:35] 1:admin:ui_input.inc:474: Missing argument 2 for label_row(), called in /home/accounting/html/accounting2/sales/includes/ui/sales_order_ui.inc on line 395 and defined
[08-Apr-2013 09:50:14] 1:admin:ui_input.inc:474: Missing argument 2 for label_row(), called in /home/accounting/html/accounting2/sales/includes/ui/sales_order_ui.inc on line 395 and defined
[08-Apr-2013 09:50:25] 1:admin:ui_input.inc:474: Missing argument 2 for label_row(), called in /home/accounting/html/accounting2/sales/includes/ui/sales_order_ui.inc on line 395 and defined
[08-Apr-2013 09:50:31] 1:admin:ui_input.inc:474: Missing argument 2 for label_row(), called in /home/accounting/html/accounting2/sales/includes/ui/sales_order_ui.inc on line 395 and defined
[08-Apr-2013 09:50:37] 1:admin:ui_input.inc:474: Missing argument 2 for label_row(), called in /home/accounting/html/accounting2/sales/includes/ui/sales_order_ui.inc on line 395 and defined
[08-Apr-2013 09:50:45] 1:admin:ui_input.inc:474: Missing argument 2 for label_row(), called in /home/accounting/html/accounting2/sales/includes/ui/sales_order_ui.inc on line 395 and defined
[08-Apr-2013 09:50:47] 1:admin:ui_input.inc:474: Missing argument 2 for label_row(), called in /home/accounting/html/accounting2/sales/includes/ui/sales_order_ui.inc on line 395 and defined
[08-Apr-2013 09:50:55] 1:admin:ui_input.inc:474: Missing argument 2 for label_row(), called in /home/accounting/html/accounting2/sales/includes/ui/sales_order_ui.inc on line 395 and defined
[08-Apr-2013 09:51:01] 1:admin:ui_input.inc:474: Missing argument 2 for label_row(), called in /home/accounting/html/accounting2/sales/includes/ui/sales_order_ui.inc on line 395 and defined
[08-Apr-2013 09:51:01] 1:admin:ui_input.inc:474: Missing argument 2 for label_row(), called in /home/accounting/html/accounting2/sales/includes/ui/sales_order_ui.inc on line 395 and defined
[08-Apr-2013 09:51:06] 1:admin:ui_input.inc:474: Missing argument 2 for label_row(), called in /home/accounting/html/accounting2/sales/includes/ui/sales_order_ui.inc on line 395 and defined
[08-Apr-2013 09:51:48] 1:admin:ui_input.inc:474: Missing argument 2 for label_row(), called in /home/accounting/html/accounting2/sales/includes/ui/sales_order_ui.inc on line 395 and defined
[08-Apr-2013 09:54:19] 1:admin:ui_input.inc:474: Missing argument 2 for label_row(), called in /home/accounting/html/accounting2/sales/includes/ui/sales_order_ui.inc on line 395 and defined
[08-Apr-2013 09:55:12] 1:admin:ui_input.inc:474: Missing argument 2 for label_row(), called in /home/accounting/html/accounting2/sales/includes/ui/sales_order_ui.inc on line 395 and defined
[08-Apr-2013 09:56:25] 1:admin:ui_input.inc:474: Missing argument 2 for label_row(), called in /home/accounting/html/accounting2/sales/includes/ui/sales_order_ui.inc on line 395 and defined
[08-Apr-2013 09:56:27] 1:admin:ui_input.inc:474: Missing argument 2 for label_row(), called in /home/accounting/html/accounting2/sales/includes/ui/sales_order_ui.inc on line 395 and defined
[08-Apr-2013 09:56:32] 1:admin:ui_input.inc:474: Missing argument 2 for label_row(), called in /home/accounting/html/accounting2/sales/includes/ui/sales_order_ui.inc on line 395 and defined
[08-Apr-2013 09:56:54] 1:admin:ui_input.inc:474: Missing argument 2 for label_row(), called in /home/accounting/html/accounting2/sales/includes/ui/sales_order_ui.inc on line 395 and defined
[08-Apr-2013 09:56:56] 1:admin:ui_input.inc:474: Missing argument 2 for label_row(), called in /home/accounting/html/accounting2/sales/includes/ui/sales_order_ui.inc on line 395 and defined
[08-Apr-2013 09:57:05] 1:admin:ui_input.inc:474: Missing argument 2 for label_row(), called in /home/accounting/html/accounting2/sales/includes/ui/sales_order_ui.inc on line 395 and defined
[08-Apr-2013 09:57:17] 1:admin:ui_input.inc:474: Missing argument 2 for label_row(), called in /home/accounting/html/accounting2/sales/includes/ui/sales_order_ui.inc on line 395 and defined
[08-Apr-2013 09:57:19] 1:admin:ui_input.inc:474: Missing argument 2 for label_row(), called in /home/accounting/html/accounting2/sales/includes/ui/sales_order_ui.inc on line 395 and defined
[08-Apr-2013 09:57:24] 1:admin:ui_input.inc:474: Missing argument 2 for label_row(), called in /home/accounting/html/accounting2/sales/includes/ui/sales_order_ui.inc on line 395 and defined
[08-Apr-2013 09:57:26] 1:admin:ui_input.inc:474: Missing argument 2 for label_row(), called in /home/accounting/html/accounting2/sales/includes/ui/sales_order_ui.inc on line 395 and defined
[08-Apr-2013 09:57:28] 1:admin:ui_input.inc:474: Missing argument 2 for label_row(), called in /home/accounting/html/accounting2/sales/includes/ui/sales_order_ui.inc on line 395 and defined
[08-Apr-2013 09:57:34] 1:admin:ui_input.inc:474: Missing argument 2 for label_row(), called in /home/accounting/html/accounting2/sales/includes/ui/sales_order_ui.inc on line 395 and defined
[08-Apr-2013 09:57:37] 1:admin:ui_input.inc:474: Missing argument 2 for label_row(), called in /home/accounting/html/accounting2/sales/includes/ui/sales_order_ui.inc on line 395 and defined
[08-Apr-2013 09:57:40] 1:admin:ui_input.inc:474: Missing argument 2 for label_row(), called in /home/accounting/html/accounting2/sales/includes/ui/sales_order_ui.inc on line 395 and defined
[08-Apr-2013 09:57:42] 1:admin:ui_input.inc:474: Missing argument 2 for label_row(), called in /home/accounting/html/accounting2/sales/includes/ui/sales_order_ui.inc on line 395 and defined
[08-Apr-2013 09:58:31] 1:admin:ui_input.inc:474: Missing argument 2 for label_row(), called in /home/accounting/html/accounting2/sales/includes/ui/sales_order_ui.inc on line 395 and defined
[08-Apr-2013 10:00:11] 1:admin:ui_input.inc:474: Missing argument 2 for label_row(), called in /home/accounting/html/accounting2/sales/includes/ui/sales_order_ui.inc on line 395 and defined
[08-Apr-2013 10:03:24] 1:admin:ui_input.inc:474: Missing argument 2 for label_row(), called in /home/accounting/html/accounting2/sales/includes/ui/sales_order_ui.inc on line 395 and defined
[08-Apr-2013 10:04:04] 1:admin:ui_input.inc:474: Missing argument 2 for label_row(), called in /home/accounting/html/accounting2/sales/includes/ui/sales_order_ui.inc on line 395 and defined
[08-Apr-2013 10:04:36] 1:admin:ui_input.inc:474: Missing argument 2 for label_row(), called in /home/accounting/html/accounting2/sales/includes/ui/sales_order_ui.inc on line 395 and defined
[08-Apr-2013 10:15:48] 1:admin:ui_input.inc:474: Missing argument 2 for label_row(), called in /home/accounting/html/accounting2/sales/includes/ui/sales_order_ui.inc on line 395 and defined
[08-Apr-2013 10:17:13] 1:admin:ui_input.inc:474: Missing argument 2 for label_row(), called in /home/accounting/html/accounting2/sales/includes/ui/sales_order_ui.inc on line 395 and defined
[08-Apr-2013 10:19:02] 1:admin:ui_input.inc:474: Missing argument 2 for label_row(), called in /home/accounting/html/accounting2/sales/includes/ui/sales_order_ui.inc on line 396 and defined
[08-Apr-2013 10:19:25] 1:admin:ui_input.inc:474: Missing argument 2 for label_row(), called in /home/accounting/html/accounting2/sales/includes/ui/sales_order_ui.inc on line 396 and defined
[08-Apr-2013 10:19:45] 1:admin:ui_input.inc:474: Missing argument 2 for label_row(), called in /home/accounting/html/accounting2/sales/includes/ui/sales_order_ui.inc on line 396 and defined
[08-Apr-2013 10:20:32] 1:admin:ui_input.inc:474: Missing argument 2 for label_row(), called in /home/accounting/html/accounting2/sales/includes/ui/sales_order_ui.inc on line 396 and defined
[08-Apr-2013 10:23:25] 1:admin:ui_input.inc:474: Missing argument 2 for label_row(), called in /home/accounting/html/accounting2/sales/includes/ui/sales_order_ui.inc on line 396 and defined
[09-Apr-2013 05:18:47] 1:admin:ui_input.inc:474: Missing argument 2 for label_row(), called in /home/accounting/html/accounting2/sales/includes/ui/sales_order_ui.inc on line 396 and defined
[09-Apr-2013 05:18:52] 1:admin:ui_input.inc:474: Missing argument 2 for label_row(), called in /home/accounting/html/accounting2/sales/includes/ui/sales_order_ui.inc on line 396 and defined
[09-Apr-2013 05:26:13] 0:admin:current_user.inc:624: unlink(./company/0/js_cache/login.js) [<a href='function.unlink'>function.unlink</a>]: Permission denied
[09-Apr-2013 05:26:13] 0:admin:current_user.inc:624: unlink(./company/0/js_cache/date_picker.js) [<a href='function.unlink'>function.unlink</a>]: Permission denied
[09-Apr-2013 05:26:13] 0:admin:current_user.inc:624: unlink(./company/0/js_cache/reports.js) [<a href='function.unlink'>function.unlink</a>]: Permission denied
[09-Apr-2013 05:26:13] 0:admin:current_user.inc:624: unlink(./company/0/js_cache/JsHttpRequest.js) [<a href='function.unlink'>function.unlink</a>]: Permission denied
[09-Apr-2013 05:26:13] 0:admin:current_user.inc:624: unlink(./company/0/js_cache/inserts.js) [<a href='function.unlink'>function.unlink</a>]: Permission denied
[09-Apr-2013 05:26:13] 0:admin:current_user.inc:624: unlink(./company/0/js_cache/utils.js) [<a href='function.unlink'>function.unlink</a>]: Permission denied
[09-Apr-2013 05:26:13] 0:admin:current_user.inc:624: unlink(./company/0/js_cache/behaviour.js) [<a href='function.unlink'>function.unlink</a>]: Permission denied
[09-Apr-2013 05:26:13] 0:admin:current_user.inc:624: unlink(./company/0/js_cache/payalloc.js) [<a href='function.unlink'>function.unlink</a>]: Permission denied
[09-Apr-2013 05:26:49] 0:admin:current_user.inc:624: unlink(./company/0/js_cache/login.js) [<a href='function.unlink'>function.unlink</a>]: Permission denied
[09-Apr-2013 05:26:49] 0:admin:current_user.inc:624: unlink(./company/0/js_cache/date_picker.js) [<a href='function.unlink'>function.unlink</a>]: Permission denied
[09-Apr-2013 05:26:49] 0:admin:current_user.inc:624: unlink(./company/0/js_cache/reports.js) [<a href='function.unlink'>function.unlink</a>]: Permission denied
[09-Apr-2013 05:26:49] 0:admin:current_user.inc:624: unlink(./company/0/js_cache/JsHttpRequest.js) [<a href='function.unlink'>function.unlink</a>]: Permission denied
[09-Apr-2013 05:26:49] 0:admin:current_user.inc:624: unlink(./company/0/js_cache/inserts.js) [<a href='function.unlink'>function.unlink</a>]: Permission denied
[09-Apr-2013 05:26:49] 0:admin:current_user.inc:624: unlink(./company/0/js_cache/utils.js) [<a href='function.unlink'>function.unlink</a>]: Permission denied
[09-Apr-2013 05:26:49] 0:admin:current_user.inc:624: unlink(./company/0/js_cache/behaviour.js) [<a href='function.unlink'>function.unlink</a>]: Permission denied
[09-Apr-2013 05:26:49] 0:admin:current_user.inc:624: unlink(./company/0/js_cache/payalloc.js) [<a href='function.unlink'>function.unlink</a>]: Permission denied
[09-Apr-2013 05:27:28] 0:admin:current_user.inc:624: unlink(./company/0/js_cache/login.js) [<a href='function.unlink'>function.unlink</a>]: Permission denied
[09-Apr-2013 05:27:28] 0:admin:current_user.inc:624: unlink(./company/0/js_cache/date_picker.js) [<a href='function.unlink'>function.unlink</a>]: Permission denied
[09-Apr-2013 05:27:28] 0:admin:current_user.inc:624: unlink(./company/0/js_cache/reports.js) [<a href='function.unlink'>function.unlink</a>]: Permission denied
[09-Apr-2013 05:27:28] 0:admin:current_user.inc:624: unlink(./company/0/js_cache/JsHttpRequest.js) [<a href='function.unlink'>function.unlink</a>]: Permission denied
[09-Apr-2013 05:27:28] 0:admin:current_user.inc:624: unlink(./company/0/js_cache/inserts.js) [<a href='function.unlink'>function.unlink</a>]: Permission denied
[09-Apr-2013 05:27:28] 0:admin:current_user.inc:624: unlink(./company/0/js_cache/utils.js) [<a href='function.unlink'>function.unlink</a>]: Permission denied
[09-Apr-2013 05:27:28] 0:admin:current_user.inc:624: unlink(./company/0/js_cache/behaviour.js) [<a href='function.unlink'>function.unlink</a>]: Permission denied
[09-Apr-2013 05:27:28] 0:admin:current_user.inc:624: unlink(./company/0/js_cache/payalloc.js) [<a href='function.unlink'>function.unlink</a>]: Permission denied
[09-Apr-2013 05:29:32] 0:admin:maintenance_db.inc:830: mkdir() [<a href='function.mkdir'>function.mkdir</a>]: Permission denied
[09-Apr-2013 05:29:32] 0:admin:maintenance_db.inc:831: fopen(../company/2/index.php) [<a href='function.fopen'>function.fopen</a>]: failed to open stream: No such file or directory
[09-Apr-2013 05:29:32] 0:admin:maintenance_db.inc:832: fwrite(): supplied argument is not a valid stream resource
[09-Apr-2013 05:29:32] 0:admin:maintenance_db.inc:833: fclose(): supplied argument is not a valid stream resource
[09-Apr-2013 05:29:32] 0:admin:maintenance_db.inc:837: mkdir() [<a href='function.mkdir'>function.mkdir</a>]: No such file or directory
[09-Apr-2013 05:29:32] 0:admin:maintenance_db.inc:838: fopen(../company/2/images/index.php) [<a href='function.fopen'>function.fopen</a>]: failed to open stream: No such file or directory
[09-Apr-2013 05:29:32] 0:admin:maintenance_db.inc:839: fwrite(): supplied argument is not a valid stream resource
[09-Apr-2013 05:29:32] 0:admin:maintenance_db.inc:840: fclose(): supplied argument is not a valid stream resource
[09-Apr-2013 05:29:32] 0:admin:maintenance_db.inc:837: mkdir() [<a href='function.mkdir'>function.mkdir</a>]: No such file or directory
[09-Apr-2013 05:29:32] 0:admin:maintenance_db.inc:838: fopen(../company/2/pdf_files/index.php) [<a href='function.fopen'>function.fopen</a>]: failed to open stream: No such file or directory
[09-Apr-2013 05:29:32] 0:admin:maintenance_db.inc:839: fwrite(): supplied argument is not a valid stream resource
[09-Apr-2013 05:29:32] 0:admin:maintenance_db.inc:840: fclose(): supplied argument is not a valid stream resource
[09-Apr-2013 05:29:32] 0:admin:maintenance_db.inc:837: mkdir() [<a href='function.mkdir'>function.mkdir</a>]: No such file or directory
[09-Apr-2013 05:29:32] 0:admin:maintenance_db.inc:838: fopen(../company/2/backup/index.php) [<a href='function.fopen'>function.fopen</a>]: failed to open stream: No such file or directory
[09-Apr-2013 05:29:32] 0:admin:maintenance_db.inc:839: fwrite(): supplied argument is not a valid stream resource
[09-Apr-2013 05:29:32] 0:admin:maintenance_db.inc:840: fclose(): supplied argument is not a valid stream resource
[09-Apr-2013 05:29:32] 0:admin:maintenance_db.inc:837: mkdir() [<a href='function.mkdir'>function.mkdir</a>]: No such file or directory
[09-Apr-2013 05:29:32] 0:admin:maintenance_db.inc:838: fopen(../company/2/js_cache/index.php) [<a href='function.fopen'>function.fopen</a>]: failed to open stream: No such file or directory
[09-Apr-2013 05:29:32] 0:admin:maintenance_db.inc:839: fwrite(): supplied argument is not a valid stream resource
[09-Apr-2013 05:29:32] 0:admin:maintenance_db.inc:840: fclose(): supplied argument is not a valid stream resource
[09-Apr-2013 05:29:32] 0:admin:maintenance_db.inc:837: mkdir() [<a href='function.mkdir'>function.mkdir</a>]: No such file or directory
[09-Apr-2013 05:29:32] 0:admin:maintenance_db.inc:838: fopen(../company/2/reporting/index.php) [<a href='function.fopen'>function.fopen</a>]: failed to open stream: No such file or directory
[09-Apr-2013 05:29:32] 0:admin:maintenance_db.inc:839: fwrite(): supplied argument is not a valid stream resource
[09-Apr-2013 05:29:32] 0:admin:maintenance_db.inc:840: fclose(): supplied argument is not a valid stream resource
[09-Apr-2013 05:29:32] 0:admin:maintenance_db.inc:837: mkdir() [<a href='function.mkdir'>function.mkdir</a>]: No such file or directory
[09-Apr-2013 05:29:32] 0:admin:maintenance_db.inc:838: fopen(../company/2/attachments/index.php) [<a href='function.fopen'>function.fopen</a>]: failed to open stream: No such file or directory
[09-Apr-2013 05:29:32] 0:admin:maintenance_db.inc:839: fwrite(): supplied argument is not a valid stream resource
[09-Apr-2013 05:29:32] 0:admin:maintenance_db.inc:840: fclose(): supplied argument is not a valid stream resource
[09-Apr-2013 05:29:32] 0:admin:maintenance_db.inc:150: fopen(../company/2/installed_extensions.php) [<a href='function.fopen'>function.fopen</a>]: failed to open stream: No such file or directory
[09-Apr-2013 05:29:49] 2:admin:current_user.inc:615: opendir(./company/2/js_cache) [<a href='function.opendir'>function.opendir</a>]: failed to open dir: No such file or directory
[09-Apr-2013 05:29:49] 2:admin:main.inc:67: fopen(./company/2/js_cache/JsHttpRequest.js) [<a href='function.fopen'>function.fopen</a>]: failed to open stream: No such file or directory
[09-Apr-2013 05:29:49] 2:admin:main.inc:67: fopen(./company/2/js_cache/behaviour.js) [<a href='function.fopen'>function.fopen</a>]: failed to open stream: No such file or directory
[09-Apr-2013 05:29:49] 2:admin:main.inc:67: fopen(./company/2/js_cache/utils.js) [<a href='function.fopen'>function.fopen</a>]: failed to open stream: No such file or directory
[09-Apr-2013 05:29:49] 2:admin:main.inc:67: fopen(./company/2/js_cache/inserts.js) [<a href='function.fopen'>function.fopen</a>]: failed to open stream: No such file or directory
[09-Apr-2013 05:29:54] 2:admin:session.inc:417: include_once(../../company/2/installed_extensions.php) [<a href='function.include-once'>function.include-once</a>]: failed to open stream: No such file or directory
[09-Apr-2013 05:29:54] 2:admin:session.inc:417: include_once() [<a href='function.include'>function.include</a>]: Failed opening '../../company/2/installed_extensions.php' for inclusion (include_path='.:/usr/share/pear:/usr/share/php')
[09-Apr-2013 05:29:54] 2:admin:main.inc:67: fopen(../../company/2/js_cache/JsHttpRequest.js) [<a href='function.fopen'>function.fopen</a>]: failed to open stream: No such file or directory
[09-Apr-2013 05:29:54] 2:admin:main.inc:67: fopen(../../company/2/js_cache/behaviour.js) [<a href='function.fopen'>function.fopen</a>]: failed to open stream: No such file or directory
[09-Apr-2013 05:29:54] 2:admin:main.inc:67: fopen(../../company/2/js_cache/utils.js) [<a href='function.fopen'>function.fopen</a>]: failed to open stream: No such file or directory
[09-Apr-2013 05:29:54] 2:admin:main.inc:67: fopen(../../company/2/js_cache/inserts.js) [<a href='function.fopen'>function.fopen</a>]: failed to open stream: No such file or directory
[09-Apr-2013 05:29:59] 2:admin:session.inc:417: include_once(./company/2/installed_extensions.php) [<a href='function.include-once'>function.include-once</a>]: failed to open stream: No such file or directory
[09-Apr-2013 05:29:59] 2:admin:session.inc:417: include_once() [<a href='function.include'>function.include</a>]: Failed opening './company/2/installed_extensions.php' for inclusion (include_path='.:/usr/share/pear:/usr/share/php')
[09-Apr-2013 05:29:59] 2:admin:main.inc:67: fopen(./company/2/js_cache/JsHttpRequest.js) [<a href='function.fopen'>function.fopen</a>]: failed to open stream: No such file or directory
[09-Apr-2013 05:29:59] 2:admin:main.inc:67: fopen(./company/2/js_cache/behaviour.js) [<a href='function.fopen'>function.fopen</a>]: failed to open stream: No such file or directory
[09-Apr-2013 05:29:59] 2:admin:main.inc:67: fopen(./company/2/js_cache/utils.js) [<a href='function.fopen'>function.fopen</a>]: failed to open stream: No such file or directory
[09-Apr-2013 05:29:59] 2:admin:main.inc:67: fopen(./company/2/js_cache/inserts.js) [<a href='function.fopen'>function.fopen</a>]: failed to open stream: No such file or directory
[09-Apr-2013 05:30:04] 2:admin:session.inc:417: include_once(../../company/2/installed_extensions.php) [<a href='function.include-once'>function.include-once</a>]: failed to open stream: No such file or directory
[09-Apr-2013 05:30:04] 2:admin:session.inc:417: include_once() [<a href='function.include'>function.include</a>]: Failed opening '../../company/2/installed_extensions.php' for inclusion (include_path='.:/usr/share/pear:/usr/share/php')
[09-Apr-2013 05:30:04] 2:admin:main.inc:67: fopen(../../company/2/js_cache/JsHttpRequest.js) [<a href='function.fopen'>function.fopen</a>]: failed to open stream: No such file or directory
[09-Apr-2013 05:30:04] 2:admin:main.inc:67: fopen(../../company/2/js_cache/behaviour.js) [<a href='function.fopen'>function.fopen</a>]: failed to open stream: No such file or directory
[09-Apr-2013 05:30:04] 2:admin:main.inc:67: fopen(../../company/2/js_cache/utils.js) [<a href='function.fopen'>function.fopen</a>]: failed to open stream: No such file or directory
[09-Apr-2013 05:30:04] 2:admin:main.inc:67: fopen(../../company/2/js_cache/inserts.js) [<a href='function.fopen'>function.fopen</a>]: failed to open stream: No such file or directory
[09-Apr-2013 05:30:13] 2:admin:main.inc:67: fopen(../company/2/js_cache/JsHttpRequest.js) [<a href='function.fopen'>function.fopen</a>]: failed to open stream: No such file or directory
[09-Apr-2013 05:30:13] 2:admin:main.inc:67: fopen(../company/2/js_cache/behaviour.js) [<a href='function.fopen'>function.fopen</a>]: failed to open stream: No such file or directory
[09-Apr-2013 05:30:13] 2:admin:main.inc:67: fopen(../company/2/js_cache/utils.js) [<a href='function.fopen'>function.fopen</a>]: failed to open stream: No such file or directory
[09-Apr-2013 05:30:13] 2:admin:main.inc:67: fopen(../company/2/js_cache/inserts.js) [<a href='function.fopen'>function.fopen</a>]: failed to open stream: No such file or directory
[09-Apr-2013 05:30:13] 2:admin:main.inc:67: fopen(../company/2/js_cache/login.js) [<a href='function.fopen'>function.fopen</a>]: failed to open stream: No such file or directory
[09-Apr-2013 06:30:40] 1:admin:ui_input.inc:474: Missing argument 2 for label_row(), called in /home/accounting/html/accounting2/sales/includes/ui/sales_order_ui.inc on line 396 and defined
[09-Apr-2013 06:53:10] 1:admin:ui_input.inc:474: Missing argument 2 for label_row(), called in /home/accounting/html/accounting2/sales/includes/ui/sales_order_ui.inc on line 396 and defined
[09-Apr-2013 06:53:20] 1:admin:ui_input.inc:474: Missing argument 2 for label_row(), called in /home/accounting/html/accounting2/sales/includes/ui/sales_order_ui.inc on line 396 and defined
[09-Apr-2013 06:53:26] 1:admin:ui_input.inc:474: Missing argument 2 for label_row(), called in /home/accounting/html/accounting2/sales/includes/ui/sales_order_ui.inc on line 396 and defined
[09-Apr-2013 06:53:29] 1:admin:ui_input.inc:474: Missing argument 2 for label_row(), called in /home/accounting/html/accounting2/sales/includes/ui/sales_order_ui.inc on line 396 and defined
[09-Apr-2013 06:54:15] 1:admin:ui_input.inc:474: Missing argument 2 for label_row(), called in /home/accounting/html/accounting2/sales/includes/ui/sales_order_ui.inc on line 396 and defined
[09-Apr-2013 06:54:22] 1:admin:ui_input.inc:474: Missing argument 2 for label_row(), called in /home/accounting/html/accounting2/sales/includes/ui/sales_order_ui.inc on line 396 and defined
[09-Apr-2013 06:54:29] 1:admin:ui_input.inc:474: Missing argument 2 for label_row(), called in /home/accounting/html/accounting2/sales/includes/ui/sales_order_ui.inc on line 396 and defined
[09-Apr-2013 06:54:33] 1:admin:ui_input.inc:474: Missing argument 2 for label_row(), called in /home/accounting/html/accounting2/sales/includes/ui/sales_order_ui.inc on line 396 and defined
[09-Apr-2013 06:54:38] 1:admin:ui_input.inc:474: Missing argument 2 for label_row(), called in /home/accounting/html/accounting2/sales/includes/ui/sales_order_ui.inc on line 396 and defined
[09-Apr-2013 06:54:41] 1:admin:ui_input.inc:474: Missing argument 2 for label_row(), called in /home/accounting/html/accounting2/sales/includes/ui/sales_order_ui.inc on line 396 and defined
[09-Apr-2013 06:54:53] 1:admin:ui_input.inc:474: Missing argument 2 for label_row(), called in /home/accounting/html/accounting2/sales/includes/ui/sales_order_ui.inc on line 396 and defined
[09-Apr-2013 06:55:17] 1:admin:ui_input.inc:474: Missing argument 2 for label_row(), called in /home/accounting/html/accounting2/sales/includes/ui/sales_order_ui.inc on line 396 and defined
[09-Apr-2013 07:00:07] 1:admin:ui_input.inc:474: Missing argument 2 for label_row(), called in /home/accounting/html/accounting2/sales/includes/ui/sales_order_ui.inc on line 396 and defined
[09-Apr-2013 07:05:56] 1:admin:ui_input.inc:474: Missing argument 2 for label_row(), called in /home/accounting/html/accounting2/sales/includes/ui/sales_order_ui.inc on line 396 and defined
[09-Apr-2013 07:06:37] 1:admin:ui_input.inc:474: Missing argument 2 for label_row(), called in /home/accounting/html/accounting2/sales/includes/ui/sales_order_ui.inc on line 396 and defined
[09-Apr-2013 07:07:31] 1:admin:ui_input.inc:474: Missing argument 2 for label_row(), called in /home/accounting/html/accounting2/sales/includes/ui/sales_order_ui.inc on line 396 and defined
[09-Apr-2013 07:07:36] 1:admin:ui_input.inc:474: Missing argument 2 for label_row(), called in /home/accounting/html/accounting2/sales/includes/ui/sales_order_ui.inc on line 396 and defined
[09-Apr-2013 07:07:38] 1:admin:ui_input.inc:474: Missing argument 2 for label_row(), called in /home/accounting/html/accounting2/sales/includes/ui/sales_order_ui.inc on line 396 and defined
[09-Apr-2013 07:08:24] 1:admin:ui_input.inc:474: Missing argument 2 for label_row(), called in /home/accounting/html/accounting2/sales/includes/ui/sales_order_ui.inc on line 396 and defined
[09-Apr-2013 07:24:33] 1:admin:ui_input.inc:474: Missing argument 2 for label_row(), called in /home/accounting/html/accounting2/sales/includes/ui/sales_order_ui.inc on line 396 and defined
[09-Apr-2013 07:24:39] 1:admin:ui_input.inc:474: Missing argument 2 for label_row(), called in /home/accounting/html/accounting2/sales/includes/ui/sales_order_ui.inc on line 396 and defined
[09-Apr-2013 07:24:47] 1:admin:ui_input.inc:474: Missing argument 2 for label_row(), called in /home/accounting/html/accounting2/sales/includes/ui/sales_order_ui.inc on line 396 and defined
[09-Apr-2013 07:24:51] 1:admin:ui_input.inc:474: Missing argument 2 for label_row(), called in /home/accounting/html/accounting2/sales/includes/ui/sales_order_ui.inc on line 396 and defined
[09-Apr-2013 07:29:51] 1:admin:ui_input.inc:474: Missing argument 2 for label_row(), called in /home/accounting/html/accounting2/sales/includes/ui/sales_order_ui.inc on line 395 and defined
[09-Apr-2013 07:30:01] 1:admin:ui_input.inc:474: Missing argument 2 for label_row(), called in /home/accounting/html/accounting2/sales/includes/ui/sales_order_ui.inc on line 395 and defined
[09-Apr-2013 07:30:09] 1:admin:ui_input.inc:474: Missing argument 2 for label_row(), called in /home/accounting/html/accounting2/sales/includes/ui/sales_order_ui.inc on line 395 and defined
[09-Apr-2013 07:30:14] 1:admin:ui_input.inc:474: Missing argument 2 for label_row(), called in /home/accounting/html/accounting2/sales/includes/ui/sales_order_ui.inc on line 395 and defined
[09-Apr-2013 07:30:29] 1:admin:ui_input.inc:474: Missing argument 2 for label_row(), called in /home/accounting/html/accounting2/sales/includes/ui/sales_order_ui.inc on line 395 and defined
[09-Apr-2013 07:30:43] 1:admin:ui_input.inc:474: Missing argument 2 for label_row(), called in /home/accounting/html/accounting2/sales/includes/ui/sales_order_ui.inc on line 395 and defined
[09-Apr-2013 07:38:20] 1:admin:ui_input.inc:474: Missing argument 2 for label_row(), called in /home/accounting/html/accounting2/sales/includes/ui/sales_order_ui.inc on line 395 and defined
[09-Apr-2013 07:38:25] 1:admin:ui_input.inc:474: Missing argument 2 for label_row(), called in /home/accounting/html/accounting2/sales/includes/ui/sales_order_ui.inc on line 395 and defined
[09-Apr-2013 07:38:32] 1:admin:ui_input.inc:474: Missing argument 2 for label_row(), called in /home/accounting/html/accounting2/sales/includes/ui/sales_order_ui.inc on line 395 and defined
[09-Apr-2013 07:38:46] 1:admin:ui_input.inc:474: Missing argument 2 for label_row(), called in /home/accounting/html/accounting2/sales/includes/ui/sales_order_ui.inc on line 395 and defined
[09-Apr-2013 07:38:51] 1:admin:ui_input.inc:474: Missing argument 2 for label_row(), called in /home/accounting/html/accounting2/sales/includes/ui/sales_order_ui.inc on line 395 and defined
[09-Apr-2013 07:38:58] 1:admin:ui_input.inc:474: Missing argument 2 for label_row(), called in /home/accounting/html/accounting2/sales/includes/ui/sales_order_ui.inc on line 395 and defined
[09-Apr-2013 07:39:04] 1:admin:ui_input.inc:474: Missing argument 2 for label_row(), called in /home/accounting/html/accounting2/sales/includes/ui/sales_order_ui.inc on line 395 and defined
[09-Apr-2013 07:39:44] 1:admin:ui_input.inc:474: Missing argument 2 for label_row(), called in /home/accounting/html/accounting2/sales/includes/ui/sales_order_ui.inc on line 395 and defined
[09-Apr-2013 07:40:17] 1:admin:ui_input.inc:474: Missing argument 2 for label_row(), called in /home/accounting/html/accounting2/sales/includes/ui/sales_order_ui.inc on line 395 and defined
[09-Apr-2013 07:40:19] 1:admin:ui_input.inc:474: Missing argument 2 for label_row(), called in /home/accounting/html/accounting2/sales/includes/ui/sales_order_ui.inc on line 395 and defined
[09-Apr-2013 07:40:26] 1:admin:ui_input.inc:474: Missing argument 2 for label_row(), called in /home/accounting/html/accounting2/sales/includes/ui/sales_order_ui.inc on line 395 and defined
[09-Apr-2013 07:41:58] 1:admin:ui_input.inc:474: Missing argument 2 for label_row(), called in /home/accounting/html/accounting2/sales/includes/ui/sales_order_ui.inc on line 395 and defined
[09-Apr-2013 07:42:02] 1:admin:ui_input.inc:474: Missing argument 2 for label_row(), called in /home/accounting/html/accounting2/sales/includes/ui/sales_order_ui.inc on line 395 and defined
[09-Apr-2013 07:42:04] 1:admin:ui_input.inc:474: Missing argument 2 for label_row(), called in /home/accounting/html/accounting2/sales/includes/ui/sales_order_ui.inc on line 395 and defined
[09-Apr-2013 07:42:10] 1:admin:ui_input.inc:474: Missing argument 2 for label_row(), called in /home/accounting/html/accounting2/sales/includes/ui/sales_order_ui.inc on line 395 and defined
[10-Apr-2013 06:08:33] 1:admin:ui_input.inc:474: Missing argument 2 for label_row(), called in /home/accounting/html/accounting2/sales/includes/ui/sales_order_ui.inc on line 395 and defined
[10-Apr-2013 06:11:18] 1:admin:ui_input.inc:474: Missing argument 2 for label_row(), called in /home/accounting/html/accounting2/sales/includes/ui/sales_order_ui.inc on line 396 and defined
[10-Apr-2013 06:11:25] 1:admin:ui_input.inc:474: Missing argument 2 for label_row(), called in /home/accounting/html/accounting2/sales/includes/ui/sales_order_ui.inc on line 396 and defined
[10-Apr-2013 06:11:29] 1:admin:ui_input.inc:474: Missing argument 2 for label_row(), called in /home/accounting/html/accounting2/sales/includes/ui/sales_order_ui.inc on line 396 and defined
[10-Apr-2013 06:11:29] 1:admin:ui_input.inc:474: Missing argument 2 for label_row(), called in /home/accounting/html/accounting2/sales/includes/ui/sales_order_ui.inc on line 396 and defined
[10-Apr-2013 06:23:47] 1:admin:ui_input.inc:474: Missing argument 2 for label_row(), called in /home/accounting/html/accounting2/sales/includes/ui/sales_order_ui.inc on line 396 and defined
[10-Apr-2013 06:23:57] 1:admin:ui_input.inc:474: Missing argument 2 for label_row(), called in /home/accounting/html/accounting2/sales/includes/ui/sales_order_ui.inc on line 396 and defined
[10-Apr-2013 06:24:17] 1:admin:ui_input.inc:474: Missing argument 2 for label_row(), called in /home/accounting/html/accounting2/sales/includes/ui/sales_order_ui.inc on line 396 and defined
[10-Apr-2013 06:24:47] 1:admin:ui_input.inc:474: Missing argument 2 for label_row(), called in /home/accounting/html/accounting2/sales/includes/ui/sales_order_ui.inc on line 396 and defined
[10-Apr-2013 06:24:52] 1:admin:ui_input.inc:474: Missing argument 2 for label_row(), called in /home/accounting/html/accounting2/sales/includes/ui/sales_order_ui.inc on line 396 and defined
[10-Apr-2013 06:24:54] 1:admin:ui_input.inc:474: Missing argument 2 for label_row(), called in /home/accounting/html/accounting2/sales/includes/ui/sales_order_ui.inc on line 396 and defined
[10-Apr-2013 06:25:14] 1:admin:ui_input.inc:474: Missing argument 2 for label_row(), called in /home/accounting/html/accounting2/sales/includes/ui/sales_order_ui.inc on line 396 and defined
[10-Apr-2013 06:25:18] 1:admin:ui_input.inc:474: Missing argument 2 for label_row(), called in /home/accounting/html/accounting2/sales/includes/ui/sales_order_ui.inc on line 396 and defined
[10-Apr-2013 06:25:20] 1:admin:ui_input.inc:474: Missing argument 2 for label_row(), called in /home/accounting/html/accounting2/sales/includes/ui/sales_order_ui.inc on line 396 and defined
[10-Apr-2013 06:41:47] 1:admin:ui_input.inc:474: Missing argument 2 for label_row(), called in /home/accounting/html/accounting2/sales/includes/ui/sales_order_ui.inc on line 396 and defined
[10-Apr-2013 06:42:40] 1:admin:ui_input.inc:474: Missing argument 2 for label_row(), called in /home/accounting/html/accounting2/sales/includes/ui/sales_order_ui.inc on line 396 and defined
[10-Apr-2013 06:42:54] 1:admin:ui_input.inc:474: Missing argument 2 for label_row(), called in /home/accounting/html/accounting2/sales/includes/ui/sales_order_ui.inc on line 396 and defined
[10-Apr-2013 06:42:59] 1:admin:ui_input.inc:474: Missing argument 2 for label_row(), called in /home/accounting/html/accounting2/sales/includes/ui/sales_order_ui.inc on line 396 and defined
[10-Apr-2013 06:48:22] 1:admin:ui_input.inc:474: Missing argument 2 for label_row(), called in /home/accounting/html/accounting2/sales/includes/ui/sales_order_ui.inc on line 400 and defined
[10-Apr-2013 06:49:08] 1:admin:ui_input.inc:474: Missing argument 2 for label_row(), called in /home/accounting/html/accounting2/sales/includes/ui/sales_order_ui.inc on line 399 and defined
[10-Apr-2013 06:51:28] 1:admin:ui_input.inc:474: Missing argument 2 for label_row(), called in /home/accounting/html/accounting2/sales/includes/ui/sales_order_ui.inc on line 398 and defined
[10-Apr-2013 06:51:39] 1:admin:ui_input.inc:474: Missing argument 2 for label_row(), called in /home/accounting/html/accounting2/sales/includes/ui/sales_order_ui.inc on line 398 and defined
[10-Apr-2013 06:52:41] 1:admin:ui_input.inc:474: Missing argument 2 for label_row(), called in /home/accounting/html/accounting2/sales/includes/ui/sales_order_ui.inc on line 398 and defined
[10-Apr-2013 06:53:41] 1:admin:ui_input.inc:474: Missing argument 2 for label_row(), called in /home/accounting/html/accounting2/sales/includes/ui/sales_order_ui.inc on line 398 and defined
[10-Apr-2013 06:54:17] 1:admin:ui_input.inc:474: Missing argument 2 for label_row(), called in /home/accounting/html/accounting2/sales/includes/ui/sales_order_ui.inc on line 398 and defined
[10-Apr-2013 06:54:26] 1:admin:ui_input.inc:474: Missing argument 2 for label_row(), called in /home/accounting/html/accounting2/sales/includes/ui/sales_order_ui.inc on line 398 and defined
[10-Apr-2013 06:55:10] 1:admin:ui_input.inc:474: Missing argument 2 for label_row(), called in /home/accounting/html/accounting2/sales/includes/ui/sales_order_ui.inc on line 398 and defined
[10-Apr-2013 06:55:57] 1:admin:ui_input.inc:474: Missing argument 2 for label_row(), called in /home/accounting/html/accounting2/sales/includes/ui/sales_order_ui.inc on line 398 and defined
[10-Apr-2013 06:56:43] 1:admin:ui_input.inc:474: Missing argument 2 for label_row(), called in /home/accounting/html/accounting2/sales/includes/ui/sales_order_ui.inc on line 398 and defined
[10-Apr-2013 06:57:22] 1:admin:ui_input.inc:474: Missing argument 2 for label_row(), called in /home/accounting/html/accounting2/sales/includes/ui/sales_order_ui.inc on line 398 and defined
[10-Apr-2013 06:57:34] 1:admin:ui_input.inc:474: Missing argument 2 for label_row(), called in /home/accounting/html/accounting2/sales/includes/ui/sales_order_ui.inc on line 398 and defined
[10-Apr-2013 06:57:41] 1:admin:ui_input.inc:474: Missing argument 2 for label_row(), called in /home/accounting/html/accounting2/sales/includes/ui/sales_order_ui.inc on line 398 and defined
[10-Apr-2013 06:58:19] 1:admin:ui_input.inc:474: Missing argument 2 for label_row(), called in /home/accounting/html/accounting2/sales/includes/ui/sales_order_ui.inc on line 398 and defined
[10-Apr-2013 06:58:35] 1:admin:ui_input.inc:474: Missing argument 2 for label_row(), called in /home/accounting/html/accounting2/sales/includes/ui/sales_order_ui.inc on line 398 and defined
[10-Apr-2013 06:58:39] 1:admin:ui_input.inc:474: Missing argument 2 for label_row(), called in /home/accounting/html/accounting2/sales/includes/ui/sales_order_ui.inc on line 398 and defined
[10-Apr-2013 06:58:50] 1:admin:ui_input.inc:474: Missing argument 2 for label_row(), called in /home/accounting/html/accounting2/sales/includes/ui/sales_order_ui.inc on line 398 and defined
[10-Apr-2013 06:58:57] 1:admin:ui_input.inc:474: Missing argument 2 for label_row(), called in /home/accounting/html/accounting2/sales/includes/ui/sales_order_ui.inc on line 398 and defined
[10-Apr-2013 06:59:02] 1:admin:ui_input.inc:474: Missing argument 2 for label_row(), called in /home/accounting/html/accounting2/sales/includes/ui/sales_order_ui.inc on line 398 and defined
[10-Apr-2013 06:59:07] 1:admin:ui_input.inc:474: Missing argument 2 for label_row(), called in /home/accounting/html/accounting2/sales/includes/ui/sales_order_ui.inc on line 398 and defined
[10-Apr-2013 06:59:08] 1:admin:ui_input.inc:474: Missing argument 2 for label_row(), called in /home/accounting/html/accounting2/sales/includes/ui/sales_order_ui.inc on line 398 and defined
[10-Apr-2013 06:59:12] 1:admin:ui_input.inc:474: Missing argument 2 for label_row(), called in /home/accounting/html/accounting2/sales/includes/ui/sales_order_ui.inc on line 398 and defined
[10-Apr-2013 06:59:18] 1:admin:ui_input.inc:474: Missing argument 2 for label_row(), called in /home/accounting/html/accounting2/sales/includes/ui/sales_order_ui.inc on line 398 and defined
[10-Apr-2013 07:00:00] 1:admin:ui_input.inc:474: Missing argument 2 for label_row(), called in /home/accounting/html/accounting2/sales/includes/ui/sales_order_ui.inc on line 398 and defined
[10-Apr-2013 07:01:01] 1:admin:ui_input.inc:474: Missing argument 2 for label_row(), called in /home/accounting/html/accounting2/sales/includes/ui/sales_order_ui.inc on line 398 and defined
[10-Apr-2013 07:07:37] 1:admin:ui_input.inc:474: Missing argument 2 for label_row(), called in /home/accounting/html/accounting2/sales/includes/ui/sales_order_ui.inc on line 398 and defined
[10-Apr-2013 07:07:43] 1:admin:ui_input.inc:474: Missing argument 2 for label_row(), called in /home/accounting/html/accounting2/sales/includes/ui/sales_order_ui.inc on line 398 and defined
[10-Apr-2013 07:07:46] 1:admin:ui_input.inc:474: Missing argument 2 for label_row(), called in /home/accounting/html/accounting2/sales/includes/ui/sales_order_ui.inc on line 398 and defined
[10-Apr-2013 07:07:52] 1:admin:ui_input.inc:474: Missing argument 2 for label_row(), called in /home/accounting/html/accounting2/sales/includes/ui/sales_order_ui.inc on line 398 and defined
[10-Apr-2013 07:08:33] 1:admin:ui_input.inc:474: Missing argument 2 for label_row(), called in /home/accounting/html/accounting2/sales/includes/ui/sales_order_ui.inc on line 398 and defined
[10-Apr-2013 07:08:55] 1:admin:ui_input.inc:474: Missing argument 2 for label_row(), called in /home/accounting/html/accounting2/sales/includes/ui/sales_order_ui.inc on line 398 and defined
[10-Apr-2013 07:09:03] 1:admin:ui_input.inc:474: Missing argument 2 for label_row(), called in /home/accounting/html/accounting2/sales/includes/ui/sales_order_ui.inc on line 398 and defined
[10-Apr-2013 07:09:19] 1:admin:ui_input.inc:474: Missing argument 2 for label_row(), called in /home/accounting/html/accounting2/sales/includes/ui/sales_order_ui.inc on line 398 and defined
[10-Apr-2013 07:10:03] 1:admin:ui_input.inc:474: Missing argument 2 for label_row(), called in /home/accounting/html/accounting2/sales/includes/ui/sales_order_ui.inc on line 398 and defined
[10-Apr-2013 07:10:08] 1:admin:ui_input.inc:474: Missing argument 2 for label_row(), called in /home/accounting/html/accounting2/sales/includes/ui/sales_order_ui.inc on line 398 and defined
[10-Apr-2013 07:10:10] 1:admin:ui_input.inc:474: Missing argument 2 for label_row(), called in /home/accounting/html/accounting2/sales/includes/ui/sales_order_ui.inc on line 398 and defined
[10-Apr-2013 07:20:51] 1:admin:ui_input.inc:474: Missing argument 2 for label_row(), called in /home/accounting/html/accounting2/sales/includes/ui/sales_order_ui.inc on line 398 and defined
[10-Apr-2013 07:21:34] 1:admin:ui_input.inc:474: Missing argument 2 for label_row(), called in /home/accounting/html/accounting2/sales/includes/ui/sales_order_ui.inc on line 398 and defined
[10-Apr-2013 07:22:33] 1:admin:ui_input.inc:474: Missing argument 2 for label_row(), called in /home/accounting/html/accounting2/sales/includes/ui/sales_order_ui.inc on line 398 and defined
[10-Apr-2013 07:24:33] 1:admin:ui_input.inc:474: Missing argument 2 for label_row(), called in /home/accounting/html/accounting2/sales/includes/ui/sales_order_ui.inc on line 397 and defined
[10-Apr-2013 07:25:59] 1:admin:ui_input.inc:474: Missing argument 2 for label_row(), called in /home/accounting/html/accounting2/sales/includes/ui/sales_order_ui.inc on line 397 and defined
[10-Apr-2013 07:26:38] 1:admin:ui_input.inc:474: Missing argument 2 for label_row(), called in /home/accounting/html/accounting2/sales/includes/ui/sales_order_ui.inc on line 397 and defined
[10-Apr-2013 07:26:41] 1:admin:ui_input.inc:474: Missing argument 2 for label_row(), called in /home/accounting/html/accounting2/sales/includes/ui/sales_order_ui.inc on line 397 and defined
[10-Apr-2013 07:26:46] 1:admin:ui_input.inc:474: Missing argument 2 for label_row(), called in /home/accounting/html/accounting2/sales/includes/ui/sales_order_ui.inc on line 397 and defined
[10-Apr-2013 07:28:00] 1:admin:ui_input.inc:474: Missing argument 2 for label_row(), called in /home/accounting/html/accounting2/sales/includes/ui/sales_order_ui.inc on line 398 and defined
[10-Apr-2013 07:29:14] 1:admin:ui_input.inc:474: Missing argument 2 for label_row(), called in /home/accounting/html/accounting2/sales/includes/ui/sales_order_ui.inc on line 398 and defined
[10-Apr-2013 07:29:32] 1:admin:ui_input.inc:474: Missing argument 2 for label_row(), called in /home/accounting/html/accounting2/sales/includes/ui/sales_order_ui.inc on line 398 and defined
[10-Apr-2013 07:30:26] 1:admin:ui_input.inc:474: Missing argument 2 for label_row(), called in /home/accounting/html/accounting2/sales/includes/ui/sales_order_ui.inc on line 398 and defined
[10-Apr-2013 07:43:00] 1:admin:ui_input.inc:474: Missing argument 2 for label_row(), called in /home/accounting/html/accounting2/sales/includes/ui/sales_order_ui.inc on line 399 and defined
[10-Apr-2013 07:43:14] 1:admin:ui_input.inc:474: Missing argument 2 for label_row(), called in /home/accounting/html/accounting2/sales/includes/ui/sales_order_ui.inc on line 399 and defined
[10-Apr-2013 07:43:38] 1:admin:ui_input.inc:474: Missing argument 2 for label_row(), called in /home/accounting/html/accounting2/sales/includes/ui/sales_order_ui.inc on line 401 and defined
[10-Apr-2013 07:43:49] 1:admin:ui_input.inc:474: Missing argument 2 for label_row(), called in /home/accounting/html/accounting2/sales/includes/ui/sales_order_ui.inc on line 401 and defined
[10-Apr-2013 07:45:00] 1:admin:ui_input.inc:474: Missing argument 2 for label_row(), called in /home/accounting/html/accounting2/sales/includes/ui/sales_order_ui.inc on line 401 and defined
[10-Apr-2013 07:45:04] 1:admin:ui_input.inc:474: Missing argument 2 for label_row(), called in /home/accounting/html/accounting2/sales/includes/ui/sales_order_ui.inc on line 401 and defined
[10-Apr-2013 07:45:04] 1:admin:ui_input.inc:474: Missing argument 2 for label_row(), called in /home/accounting/html/accounting2/sales/includes/ui/sales_order_ui.inc on line 401 and defined
[10-Apr-2013 07:45:09] 1:admin:ui_input.inc:474: Missing argument 2 for label_row(), called in /home/accounting/html/accounting2/sales/includes/ui/sales_order_ui.inc on line 401 and defined
[10-Apr-2013 07:45:21] 1:admin:ui_input.inc:474: Missing argument 2 for label_row(), called in /home/accounting/html/accounting2/sales/includes/ui/sales_order_ui.inc on line 401 and defined
[10-Apr-2013 07:45:30] 1:admin:ui_input.inc:474: Missing argument 2 for label_row(), called in /home/accounting/html/accounting2/sales/includes/ui/sales_order_ui.inc on line 401 and defined
[10-Apr-2013 07:50:06] 1:admin:ui_input.inc:474: Missing argument 2 for label_row(), called in /home/accounting/html/accounting2/sales/includes/ui/sales_order_ui.inc on line 400 and defined
[10-Apr-2013 07:50:13] 1:admin:ui_input.inc:474: Missing argument 2 for label_row(), called in /home/accounting/html/accounting2/sales/includes/ui/sales_order_ui.inc on line 400 and defined
[10-Apr-2013 07:50:25] 1:admin:ui_input.inc:474: Missing argument 2 for label_row(), called in /home/accounting/html/accounting2/sales/includes/ui/sales_order_ui.inc on line 400 and defined
[10-Apr-2013 07:50:27] 1:admin:ui_input.inc:474: Missing argument 2 for label_row(), called in /home/accounting/html/accounting2/sales/includes/ui/sales_order_ui.inc on line 400 and defined
[10-Apr-2013 07:50:30] 1:admin:ui_input.inc:474: Missing argument 2 for label_row(), called in /home/accounting/html/accounting2/sales/includes/ui/sales_order_ui.inc on line 400 and defined
[10-Apr-2013 07:50:43] 1:admin:ui_input.inc:474: Missing argument 2 for label_row(), called in /home/accounting/html/accounting2/sales/includes/ui/sales_order_ui.inc on line 400 and defined
[10-Apr-2013 07:51:17] 1:admin:ui_input.inc:474: Missing argument 2 for label_row(), called in /home/accounting/html/accounting2/sales/includes/ui/sales_order_ui.inc on line 400 and defined
[10-Apr-2013 08:30:43] 1:admin:ui_input.inc:474: Missing argument 2 for label_row(), called in /home/accounting/html/accounting2/sales/includes/ui/sales_order_ui.inc on line 400 and defined
[10-Apr-2013 08:35:01] 1:admin:ui_input.inc:474: Missing argument 2 for label_row(), called in /home/accounting/html/accounting2/sales/includes/ui/sales_order_ui.inc on line 400 and defined
[10-Apr-2013 08:35:09] 1:admin:ui_input.inc:474: Missing argument 2 for label_row(), called in /home/accounting/html/accounting2/sales/includes/ui/sales_order_ui.inc on line 400 and defined
[10-Apr-2013 08:37:56] 1:admin:ui_input.inc:474: Missing argument 2 for label_row(), called in /home/accounting/html/accounting2/sales/includes/ui/sales_order_ui.inc on line 400 and defined
[10-Apr-2013 08:43:50] 1:admin:ui_input.inc:474: Missing argument 2 for label_row(), called in /home/accounting/html/accounting2/sales/includes/ui/sales_order_ui.inc on line 400 and defined
[10-Apr-2013 08:44:30] 1:admin:ui_input.inc:474: Missing argument 2 for label_row(), called in /home/accounting/html/accounting2/sales/includes/ui/sales_order_ui.inc on line 400 and defined
[10-Apr-2013 08:46:09] 1:admin:ui_input.inc:474: Missing argument 2 for label_row(), called in /home/accounting/html/accounting2/sales/includes/ui/sales_order_ui.inc on line 400 and defined
[10-Apr-2013 08:48:12] 1:admin:ui_input.inc:474: Missing argument 2 for label_row(), called in /home/accounting/html/accounting2/sales/includes/ui/sales_order_ui.inc on line 400 and defined
[10-Apr-2013 08:48:28] 1:admin:ui_input.inc:474: Missing argument 2 for label_row(), called in /home/accounting/html/accounting2/sales/includes/ui/sales_order_ui.inc on line 400 and defined
[10-Apr-2013 08:48:31] 1:admin:ui_input.inc:474: Missing argument 2 for label_row(), called in /home/accounting/html/accounting2/sales/includes/ui/sales_order_ui.inc on line 400 and defined
[10-Apr-2013 08:55:29] 1:admin:ui_input.inc:474: Missing argument 2 for label_row(), called in /home/accounting/html/accounting2/sales/includes/ui/sales_order_ui.inc on line 402 and defined
[11-Apr-2013 04:40:30] 1:admin:ui_input.inc:474: Missing argument 2 for label_row(), called in /home/accounting/html/accounting2/sales/view/view_invoice.php on line 79 and defined
[11-Apr-2013 04:41:32] 1:admin:ui_input.inc:474: Missing argument 2 for label_row(), called in /home/accounting/html/accounting2/sales/view/view_invoice.php on line 79 and defined
[11-Apr-2013 04:41:32] 1:admin:view_invoice.php:23: Missing argument 1 for lihat_discount_bertingkat(), called in /home/accounting/html/accounting2/sales/view/view_invoice.php on line 162 and defined
[11-Apr-2013 04:41:32] 1:admin:view_invoice.php:23: Missing argument 1 for lihat_discount_bertingkat(), called in /home/accounting/html/accounting2/sales/view/view_invoice.php on line 162 and defined
[11-Apr-2013 04:41:52] 1:admin:ui_input.inc:474: Missing argument 2 for label_row(), called in /home/accounting/html/accounting2/sales/view/view_invoice.php on line 77 and defined
[11-Apr-2013 04:41:52] 1:admin:view_invoice.php:23: Missing argument 1 for lihat_discount_bertingkat(), called in /home/accounting/html/accounting2/sales/view/view_invoice.php on line 160 and defined
[11-Apr-2013 04:41:52] 1:admin:view_invoice.php:23: Missing argument 1 for lihat_discount_bertingkat(), called in /home/accounting/html/accounting2/sales/view/view_invoice.php on line 160 and defined
[11-Apr-2013 04:45:54] 1:admin:ui_input.inc:474: Missing argument 2 for label_row(), called in /home/accounting/html/accounting2/sales/view/view_invoice.php on line 77 and defined
[11-Apr-2013 04:47:19] 1:admin:ui_input.inc:474: Missing argument 2 for label_row(), called in /home/accounting/html/accounting2/sales/view/view_invoice.php on line 77 and defined
[11-Apr-2013 04:58:27] 1:admin:ui_input.inc:474: Missing argument 2 for label_row(), called in /home/accounting/html/accounting2/sales/view/view_invoice.php on line 77 and defined
[11-Apr-2013 04:59:49] 1:admin:ui_input.inc:474: Missing argument 2 for label_row(), called in /home/accounting/html/accounting2/sales/view/view_invoice.php on line 77 and defined
[11-Apr-2013 05:15:13] 1:admin:ui_input.inc:474: Missing argument 2 for label_row(), called in /home/accounting/html/accounting2/sales/view/view_invoice.php on line 77 and defined
[11-Apr-2013 05:18:59] 1:admin:ui_input.inc:474: Missing argument 2 for label_row(), called in /home/accounting/html/accounting2/sales/view/view_invoice.php on line 77 and defined
[11-Apr-2013 05:19:00] 1:admin:ui_input.inc:474: Missing argument 2 for label_row(), called in /home/accounting/html/accounting2/sales/view/view_invoice.php on line 77 and defined
[11-Apr-2013 05:20:13] 1:admin:ui_input.inc:474: Missing argument 2 for label_row(), called in /home/accounting/html/accounting2/sales/view/view_invoice.php on line 77 and defined
[11-Apr-2013 05:25:33] 1:admin:ui_input.inc:474: Missing argument 2 for label_row(), called in /home/accounting/html/accounting2/sales/view/view_invoice.php on line 77 and defined
[11-Apr-2013 05:26:29] 1:admin:ui_input.inc:474: Missing argument 2 for label_row(), called in /home/accounting/html/accounting2/sales/view/view_invoice.php on line 77 and defined
[11-Apr-2013 05:41:59] 1:admin:ui_input.inc:474: Missing argument 2 for label_row(), called in /home/accounting/html/accounting2/sales/view/view_invoice.php on line 77 and defined
